E:\WORK\QUICK-COCOS2D-X\LIB\LUA_EXTENSIONS\PROJ.WIN32\DEBUG\AUXILIAR.OBJ
E:\work\quick-cocos2d-x\lib\lua_extensions\proj.win32\Debug\cl.command.1.tlog
E:\work\quick-cocos2d-x\lib\lua_extensions\proj.win32\Debug\CL.read.1.tlog
E:\work\quick-cocos2d-x\lib\lua_extensions\proj.win32\Debug\CL.write.1.tlog
E:\WORK\QUICK-COCOS2D-X\LIB\LUA_EXTENSIONS\PROJ.WIN32\DEBUG\EXCEPT.OBJ
E:\WORK\QUICK-COCOS2D-X\LIB\LUA_EXTENSIONS\PROJ.WIN32\DEBUG\FPCONV.OBJ
E:\WORK\QUICK-COCOS2D-X\LIB\LUA_EXTENSIONS\PROJ.WIN32\DEBUG\INET.OBJ
E:\WORK\QUICK-COCOS2D-X\LIB\LUA_EXTENSIONS\PROJ.WIN32\DEBUG\LFS.OBJ
E:\work\quick-cocos2d-x\lib\lua_extensions\proj.win32\Debug\lib.command.1.tlog
E:\work\quick-cocos2d-x\lib\lua_extensions\proj.win32\Debug\Lib-link.read.1.tlog
E:\work\quick-cocos2d-x\lib\lua_extensions\proj.win32\Debug\Lib-link.write.1.tlog
E:\WORK\QUICK-COCOS2D-X\LIB\LUA_EXTENSIONS\PROJ.WIN32\DEBUG\LUA_CJSON.OBJ
E:\WORK\QUICK-COCOS2D-X\LIB\LUA_EXTENSIONS\PROJ.WIN32\DEBUG\LUA_EXTENSIONS.OBJ
E:\WORK\QUICK-COCOS2D-X\LIB\LUA_EXTENSIONS\PROJ.WIN32\DEBUG\LUA_ZLIB.OBJ
E:\WORK\QUICK-COCOS2D-X\LIB\LUA_EXTENSIONS\PROJ.WIN32\DEBUG\LUASOCKET.OBJ
E:\WORK\QUICK-COCOS2D-X\LIB\LUA_EXTENSIONS\PROJ.WIN32\DEBUG\LUASOCKET_BUFFER.OBJ
E:\WORK\QUICK-COCOS2D-X\LIB\LUA_EXTENSIONS\PROJ.WIN32\DEBUG\LUASOCKET_IO.OBJ
E:\WORK\QUICK-COCOS2D-X\LIB\LUA_EXTENSIONS\PROJ.WIN32\DEBUG\MIME.OBJ
E:\WORK\QUICK-COCOS2D-X\LIB\LUA_EXTENSIONS\PROJ.WIN32\DEBUG\OPTIONS.OBJ
E:\WORK\QUICK-COCOS2D-X\LIB\LUA_EXTENSIONS\PROJ.WIN32\DEBUG\SELECT.OBJ
E:\WORK\QUICK-COCOS2D-X\LIB\LUA_EXTENSIONS\PROJ.WIN32\DEBUG\SOCKET_SCRIPTS.OBJ
E:\WORK\QUICK-COCOS2D-X\LIB\LUA_EXTENSIONS\PROJ.WIN32\DEBUG\STRBUF.OBJ
E:\WORK\QUICK-COCOS2D-X\LIB\LUA_EXTENSIONS\PROJ.WIN32\DEBUG\TCP.OBJ
E:\WORK\QUICK-COCOS2D-X\LIB\LUA_EXTENSIONS\PROJ.WIN32\DEBUG\TIMEOUT.OBJ
E:\WORK\QUICK-COCOS2D-X\LIB\LUA_EXTENSIONS\PROJ.WIN32\DEBUG\UDP.OBJ
E:\work\quick-cocos2d-x\lib\lua_extensions\proj.win32\Debug\vc100.idb
E:\WORK\QUICK-COCOS2D-X\LIB\LUA_EXTENSIONS\PROJ.WIN32\DEBUG\VC100.PDB
E:\WORK\QUICK-COCOS2D-X\LIB\LUA_EXTENSIONS\PROJ.WIN32\DEBUG\WSOCKET.OBJ
E:\WORK\QUICK-COCOS2D-X\PLAYER\PROJ.WIN32\DEBUG\LUA_EXTENSIONS.LIB
