Build started 2013-8-21 13:56:30.
     1>Project "E:\work\quick-cocos2d-x\lib\proj.win32\cocos2dx_2010.vcxproj" on node 2 (build target(s)).
     1>InitializeBuildStatus:
         Creating "Debug\cocos2dx_2010.unsuccessfulbuild" because "AlwaysCreate" was specified.
       ClCompile:
         C:\Program Files\Microsoft Visual Studio 10.0\VC\bin\CL.exe /c /I"E:\work\quick-cocos2d-x\lib\cocos2d-x\cocos2dx" /I"E:\work\quick-cocos2d-x\lib\cocos2d-x\cocos2dx\include" /I"E:\work\quick-cocos2d-x\lib\cocos2d-x\cocos2dx\kazmath\include" /I"E:\work\quick-cocos2d-x\lib\cocos2d-x\cocos2dx\support" /I"E:\work\quick-cocos2d-x\lib\cocos2d-x\cocos2dx\support\tinyxml2" /I"E:\work\quick-cocos2d-x\lib\cocos2d-x\cocos2dx\platform" /I"E:\work\quick-cocos2d-x\lib\cocos2d-x\cocos2dx\platform\win32" /I"E:\work\quick-cocos2d-x\lib\cocos2d-x\cocos2dx\platform\third_party\win32" /I"E:\work\quick-cocos2d-x\lib\cocos2d-x\cocos2dx\platform\third_party\win32\curl" /I"E:\work\quick-cocos2d-x\lib\cocos2d-x\cocos2dx\platform\third_party\win32\iconv" /I"E:\work\quick-cocos2d-x\lib\cocos2d-x\cocos2dx\platform\third_party\win32\libjpeg" /I"E:\work\quick-cocos2d-x\lib\cocos2d-x\cocos2dx\platform\third_party\win32\libpng" /I"E:\work\quick-cocos2d-x\lib\cocos2d-x\cocos2dx\platform\third_party\win32\libtiff" /I"E:\work\quick-cocos2d-x\lib\cocos2d-x\cocos2dx\platform\third_party\win32\libwebp" /I"E:\work\quick-cocos2d-x\lib\cocos2d-x\cocos2dx\platform\third_party\win32\OGLES" /I"E:\work\quick-cocos2d-x\lib\cocos2d-x\cocos2dx\platform\third_party\win32\pthread" /I"E:\work\quick-cocos2d-x\lib\cocos2d-x\cocos2dx\platform\third_party\win32\zlib" /I"E:\work\quick-cocos2d-x\lib\cocos2d-x\CocosDenshion\include" /I"E:\work\quick-cocos2d-x\lib\cocos2d-x\CocosDenshion\win32" /I"E:\work\quick-cocos2d-x\lib\cocos2d-x\scripting\lua\cocos2dx_support" /I"E:\work\quick-cocos2d-x\lib\cocos2d-x\scripting\lua\tolua" /I"E:\work\quick-cocos2d-x\lib\cocos2d-x\scripting\lua\luajit\include" /I"E:\work\quick-cocos2d-x\lib\cocos2d-x\extensions" /I"E:\work\quick-cocos2d-x\lib\cocos2d-x\extensions\GUI\CCControlExtension" /I"E:\work\quick-cocos2d-x\lib\cocos2d-x\extensions\GUI\CCEditBox" /I"E:\work\quick-cocos2d-x\lib\cocos2d-x\extensions\GUI\CCScrollView" /I"E:\work\quick-cocos2d-x\lib\cocos2d-x\extensions\AssetsManager" /I"E:\work\quick-cocos2d-x\lib\cocos2d-x\extensions\CCBReader" /ZI /nologo /W3 /WX- /MP /Od /Oy- /D WIN32 /D _DEBUG /D _WINDOWS /D GL_GLEXT_PROTOTYPES /D COCOS2D_DEBUG=1 /D _CRT_SECURE_NO_WARNINGS /D _SCL_SECURE_NO_WARNINGS /D CC_LUA_ENGINE_ENABLED=1 /D _UNICODE /D UNICODE /Gm- /EHsc /RTC1 /MDd /GS /fp:precise /Zc:wchar_t /Zc:forScope /Fo"Debug\\" /Fd"Debug\vc100.pdb" /Gd /TP /wd4251 /wd4068 /wd4244 /wd4800 /analyze- /errorReport:prompt "..\cocos2d-x\scripting\lua\cocos2dx_support\CCBProxy.cpp" "..\cocos2d-x\scripting\lua\cocos2dx_support\Lua_extensions_CCB.cpp"
         CCBProxy.cpp
         Lua_extensions_CCB.cpp
         All outputs are up-to-date.
       PreLinkEvent:
         if not exist "E:\work\quick-cocos2d-x\player\proj.win32\Debug\" mkdir "E:\work\quick-cocos2d-x\player\proj.win32\Debug\"
         xcopy /Y /Q "%QUICK_COCOS2DX_ROOT%\lib\cocos2d-x\cocos2dx\platform\third_party\win32\libraries\*.*" "E:\work\quick-cocos2d-x\player\proj.win32\Debug\"
         xcopy /Y /Q "%QUICK_COCOS2DX_ROOT%\lib\cocos2d-x\scripting\lua\luajit\win32\*.*" "E:\work\quick-cocos2d-x\player\proj.win32\Debug\"
         
         :VCEnd
         复制了 15 个文件
         复制了 1 个文件
       Lib:
         C:\Program Files\Microsoft Visual Studio 10.0\VC\bin\Lib.exe /OUT:"E:\work\quick-cocos2d-x\player\proj.win32\Debug\cocos2dx.lib" /NOLOGO Debug\CCAction.obj
         Debug\CCActionCamera.obj
         Debug\CCActionCatmullRom.obj
         Debug\CCActionEase.obj
         Debug\CCActionGrid.obj
         Debug\CCActionGrid3D.obj
         Debug\CCActionInstant.obj
         Debug\CCActionInterval.obj
         Debug\CCActionManager.obj
         Debug\CCActionPageTurn3D.obj
         Debug\CCActionProgressTimer.obj
         Debug\CCActionTiledGrid.obj
         Debug\CCActionTween.obj
         Debug\CCLinkPosition.obj
         Debug\CCAtlasNode.obj
         Debug\CCNode.obj
         Debug\CCCamera.obj
         Debug\CCConfiguration.obj
         Debug\CCDirector.obj
         Debug\ccFPSImages.obj
         Debug\CCScheduler.obj
         Debug\CCAffineTransform.obj
         Debug\CCArray.obj
         Debug\CCAutoreleasePool.obj
         Debug\CCDataVisitor.obj
         Debug\CCDictionary.obj
         Debug\CCGeometry.obj
         Debug\CCNS.obj
         Debug\CCObject.obj
         Debug\CCPointArray.obj
         Debug\CCSet.obj
         Debug\CCString.obj
         Debug\CCZone.obj
         Debug\cocos2d.obj
         Debug\CCDrawingPrimitives.obj
         Debug\CCDrawNode.obj
         Debug\CCShapeNode.obj
         Debug\CCGrabber.obj
         Debug\CCGrid.obj
         Debug\aabb.obj
         Debug\mat4stack.obj
         Debug\matrix.obj
         Debug\mat3.obj
         Debug\mat4.obj
         Debug\neon_matrix_impl.obj
         Debug\plane.obj
         Debug\quaternion.obj
         Debug\ray2.obj
         Debug\utility.obj
         Debug\vec2.obj
         Debug\vec3.obj
         Debug\vec4.obj
         Debug\CCKeypadDelegate.obj
         Debug\CCKeypadDispatcher.obj
         Debug\CCLabelAtlas.obj
         Debug\CCLabelBMFont.obj
         Debug\CCLabelTTF.obj
         Debug\CCLayer.obj
         Debug\CCScene.obj
         Debug\CCTransition.obj
         Debug\CCTransitionPageTurn.obj
         Debug\CCTransitionProgress.obj
         Debug\CCMenu.obj
         Debug\CCMenuItem.obj
         Debug\CCClippingNode.obj
         Debug\CCClippingRegionNode.obj
         Debug\CCMotionStreak.obj
         Debug\CCProgressTimer.obj
         Debug\CCRenderTexture.obj
         Debug\CCParticleBatchNode.obj
         Debug\CCParticleExamples.obj
         Debug\CCParticleSystem.obj
         Debug\CCParticleSystemQuad.obj
         Debug\CCEGLViewProtocol.obj
         Debug\CCFileUtils.obj
         Debug\CCImageCommonWebp.obj
         Debug\CCSAXParser.obj
         Debug\CCThread.obj
         Debug\CCZipFile.obj
         Debug\platform.obj
         Debug\CCAccelerometer.obj
         Debug\CCApplication.obj
         Debug\CCCommon.obj
         Debug\CCDevice.obj
         Debug\CCEGLView.obj
         Debug\CCFileUtilsWin32.obj
         Debug\CCImage.obj
         Debug\CCStdC.obj
         Debug\CCScriptSupport.obj
         Debug\CCGLProgram.obj
         Debug\ccGLStateCache.obj
         Debug\CCShaderCache.obj
         Debug\ccShaders.obj
         Debug\CCAnimation.obj
         Debug\CCAnimationCache.obj
         Debug\CCGraySprite.obj
         Debug\CCSprite.obj
         Debug\CCSpriteBatchNode.obj
         Debug\CCSpriteFrame.obj
         Debug\CCSpriteFrameCache.obj
         Debug\base64.obj
         Debug\CCNotificationCenter.obj
         Debug\CCPointExtension.obj
         Debug\CCProfiling.obj
         Debug\ccUTF8.obj
         Debug\ccUtils.obj
         Debug\CCVertex.obj
         Debug\CCComponent.obj
         Debug\CCComponentContainer.obj
         Debug\ccCArray.obj
         Debug\TGAlib.obj
         Debug\tinyxml2.obj
         Debug\TransformUtils.obj
         Debug\CCUserDefault.obj
         Debug\ioapi.obj
         Debug\unzip.obj
         Debug\ZipUtils.obj
         Debug\CCTexture2D.obj
         Debug\CCTextureAtlas.obj
         Debug\CCTextureCache.obj
         Debug\CCTextureETC.obj
         Debug\CCTexturePVR.obj
         Debug\CCIMEDispatcher.obj
         Debug\CCTextFieldTTF.obj
         Debug\CCParallaxNode.obj
         Debug\CCTileMapAtlas.obj
         Debug\CCTMXLayer.obj
         Debug\CCTMXObjectGroup.obj
         Debug\CCTMXTiledMap.obj
         Debug\CCTMXXMLParser.obj
         Debug\CCTouch.obj
         Debug\CCTouchDispatcher.obj
         Debug\CCTouchHandler.obj
         Debug\MciPlayer.obj
         Debug\SimpleAudioEngine.obj
         Debug\AssetsManager.obj
         Debug\CCBAnimationManager.obj
         Debug\CCBFileLoader.obj
         Debug\CCBKeyframe.obj
         Debug\CCBReader.obj
         Debug\CCBSequence.obj
         Debug\CCBSequenceProperty.obj
         Debug\CCBValue.obj
         Debug\CCControlButtonLoader.obj
         Debug\CCControlLoader.obj
         Debug\CCData.obj
         Debug\CCLabelBMFontLoader.obj
         Debug\CCLabelTTFLoader.obj
         Debug\CCLayerColorLoader.obj
         Debug\CCLayerGradientLoader.obj
         Debug\CCLayerLoader.obj
         Debug\CCMenuItemImageLoader.obj
         Debug\CCMenuItemLoader.obj
         Debug\CCNode+CCBRelativePositioning.obj
         Debug\CCNodeLoader.obj
         Debug\CCNodeLoaderLibrary.obj
         Debug\CCParticleSystemQuadLoader.obj
         Debug\CCScale9SpriteLoader.obj
         Debug\CCScrollViewLoader.obj
         Debug\CCSpriteLoader.obj
         Debug\CCComAttribute.obj
         Debug\CCComAudio.obj
         Debug\CCComController.obj
         Debug\CCInputDelegate.obj
         Debug\CCControl.obj
         Debug\CCControlButton.obj
         Debug\CCControlColourPicker.obj
         Debug\CCControlHuePicker.obj
         Debug\CCControlPotentiometer.obj
         Debug\CCControlSaturationBrightnessPicker.obj
         Debug\CCControlSlider.obj
         Debug\CCControlStepper.obj
         Debug\CCControlSwitch.obj
         Debug\CCControlUtils.obj
         Debug\CCInvocation.obj
         Debug\CCScale9Sprite.obj
         Debug\CCEditBox.obj
         Debug\CCEditBoxImplWin.obj
         Debug\CCScrollView.obj
         Debug\CCSorting.obj
         Debug\CCTableView.obj
         Debug\CCTableViewCell.obj
         Debug\Win32InputBox.obj
         Debug\CCBProxy.obj
         Debug\CCLuaEngine.obj
         Debug\CCLuaStack.obj
         Debug\CCLuaValue.obj
         Debug\Cocos2dxLuaLoader.obj
         Debug\LuaCocos2d.obj
         Debug\Lua_extensions_CCB.obj
         Debug\snapshot.obj
         Debug\tolua_fix.obj
         Debug\tolua_event.obj
         Debug\tolua_is.obj
         Debug\tolua_map.obj
         Debug\tolua_push.obj
         Debug\tolua_to.obj
         cocos2dx_2010.vcxproj -> E:\work\quick-cocos2d-x\player\proj.win32\Debug\cocos2dx.lib
       FinalizeBuildStatus:
         Deleting file "Debug\cocos2dx_2010.unsuccessfulbuild".
         Touching "Debug\cocos2dx_2010.lastbuildstate".
     1>Done Building Project "E:\work\quick-cocos2d-x\lib\proj.win32\cocos2dx_2010.vcxproj" (build target(s)).

Build succeeded.

Time Elapsed 00:00:31.51
