E:\WORK\QUICK-COCOS2D-X\LIB\COCOS2DX_EXTRA\PROJ.WIN32\DEBUG\CCCRYPTO.OBJ
E:\WORK\QUICK-COCOS2D-X\LIB\COCOS2DX_EXTRA\PROJ.WIN32\DEBUG\CCCRYPTOWIN32.OBJ
E:\WORK\QUICK-COCOS2D-X\LIB\COCOS2DX_EXTRA\PROJ.WIN32\DEBUG\CCHTTPREQUEST.OBJ
E:\WORK\QUICK-COCOS2D-X\LIB\COCOS2DX_EXTRA\PROJ.WIN32\DEBUG\CCNATIVE.OBJ
E:\WORK\QUICK-COCOS2D-X\LIB\COCOS2DX_EXTRA\PROJ.WIN32\DEBUG\CCNATIVEWIN32.OBJ
E:\WORK\QUICK-COCOS2D-X\LIB\COCOS2DX_EXTRA\PROJ.WIN32\DEBUG\CCNETWORK.OBJ
E:\WORK\QUICK-COCOS2D-X\LIB\COCOS2DX_EXTRA\PROJ.WIN32\DEBUG\CCNETWORKWIN32.OBJ
E:\work\quick-cocos2d-x\lib\cocos2dx_extra\proj.win32\Debug\cl.command.1.tlog
E:\work\quick-cocos2d-x\lib\cocos2dx_extra\proj.win32\Debug\CL.read.1.tlog
E:\work\quick-cocos2d-x\lib\cocos2dx_extra\proj.win32\Debug\CL.write.1.tlog
E:\WORK\QUICK-COCOS2D-X\LIB\COCOS2DX_EXTRA\PROJ.WIN32\DEBUG\COCOS2DX_EXTRA_LUABINDING.OBJ
E:\work\quick-cocos2d-x\lib\cocos2dx_extra\proj.win32\Debug\lib.command.1.tlog
E:\WORK\QUICK-COCOS2D-X\LIB\COCOS2DX_EXTRA\PROJ.WIN32\DEBUG\LIBB64.OBJ
E:\work\quick-cocos2d-x\lib\cocos2dx_extra\proj.win32\Debug\Lib-link.read.1.tlog
E:\work\quick-cocos2d-x\lib\cocos2dx_extra\proj.win32\Debug\Lib-link.write.1.tlog
E:\WORK\QUICK-COCOS2D-X\LIB\COCOS2DX_EXTRA\PROJ.WIN32\DEBUG\MD5.OBJ
E:\WORK\QUICK-COCOS2D-X\LIB\COCOS2DX_EXTRA\PROJ.WIN32\DEBUG\SHA1.OBJ
E:\work\quick-cocos2d-x\lib\cocos2dx_extra\proj.win32\Debug\vc100.idb
E:\WORK\QUICK-COCOS2D-X\LIB\COCOS2DX_EXTRA\PROJ.WIN32\DEBUG\VC100.PDB
E:\WORK\QUICK-COCOS2D-X\LIB\COCOS2DX_EXTRA\PROJ.WIN32\DEBUG\XXTEA.OBJ
E:\WORK\QUICK-COCOS2D-X\PLAYER\PROJ.WIN32\DEBUG\COCOS2DX_EXTRA.LIB
