Build started 2013-8-21 13:46:15.
     1>Project "E:\work\quick-cocos2d-x\lib\cocos2dx_extra\proj.win32\cocos2dx_extra_2010.vcxproj" on node 4 (build target(s)).
     1>InitializeBuildStatus:
         Creating "Debug\cocos2dx_extra_2010.unsuccessfulbuild" because "AlwaysCreate" was specified.
       ClCompile:
         C:\Program Files\Microsoft Visual Studio 10.0\VC\bin\CL.exe /c /I"E:\work\quick-cocos2d-x\lib\cocos2dx_extra\extra" /I"E:\work\quick-cocos2d-x\lib\cocos2dx_extra\extra\luabinding" /I"E:\work\quick-cocos2d-x\lib\cocos2d-x\cocos2dx" /I"E:\work\quick-cocos2d-x\lib\cocos2d-x\cocos2dx\include" /I"E:\work\quick-cocos2d-x\lib\cocos2d-x\cocos2dx\kazmath\include" /I"E:\work\quick-cocos2d-x\lib\cocos2d-x\cocos2dx\platform" /I"E:\work\quick-cocos2d-x\lib\cocos2d-x\cocos2dx\platform\win32" /I"E:\work\quick-cocos2d-x\lib\cocos2d-x\cocos2dx\platform\third_party\win32\pthread" /I"E:\work\quick-cocos2d-x\lib\cocos2d-x\cocos2dx\platform\third_party\win32\OGLES" /I"E:\work\quick-cocos2d-x\lib\cocos2d-x\cocos2dx\platform\third_party\win32" /I"E:\work\quick-cocos2d-x\lib\cocos2d-x\scripting\lua\cocos2dx_support" /I"E:\work\quick-cocos2d-x\lib\cocos2d-x\scripting\lua\luajit\include" /I"E:\work\quick-cocos2d-x\lib\cocos2d-x\scripting\lua\tolua" /ZI /nologo /W3 /WX- /Od /Oy- /D WIN32 /D _DEBUG /D _WINDOWS /D GL_GLEXT_PROTOTYPES /D COCOS2D_DEBUG=1 /D _CRT_SECURE_NO_WARNINGS /D _SCL_SECURE_NO_WARNINGS /D CC_LUA_ENGINE_ENABLED=1 /D _UNICODE /D UNICODE /Gm /EHsc /RTC1 /MDd /GS /fp:precise /Zc:wchar_t /Zc:forScope /Fo"Debug\\" /Fd"Debug\vc100.pdb" /Gd /TC /wd4251 /wd4068 /wd4800 /analyze- /errorReport:prompt ..\extra\crypto\base64\libb64.c ..\extra\crypto\md5\md5.c ..\extra\crypto\xxtea\xxtea.c
         xxtea.c
         md5.c
         libb64.c
         Generating Code...
         C:\Program Files\Microsoft Visual Studio 10.0\VC\bin\CL.exe /c /I"E:\work\quick-cocos2d-x\lib\cocos2dx_extra\extra" /I"E:\work\quick-cocos2d-x\lib\cocos2dx_extra\extra\luabinding" /I"E:\work\quick-cocos2d-x\lib\cocos2d-x\cocos2dx" /I"E:\work\quick-cocos2d-x\lib\cocos2d-x\cocos2dx\include" /I"E:\work\quick-cocos2d-x\lib\cocos2d-x\cocos2dx\kazmath\include" /I"E:\work\quick-cocos2d-x\lib\cocos2d-x\cocos2dx\platform" /I"E:\work\quick-cocos2d-x\lib\cocos2d-x\cocos2dx\platform\win32" /I"E:\work\quick-cocos2d-x\lib\cocos2d-x\cocos2dx\platform\third_party\win32\pthread" /I"E:\work\quick-cocos2d-x\lib\cocos2d-x\cocos2dx\platform\third_party\win32\OGLES" /I"E:\work\quick-cocos2d-x\lib\cocos2d-x\cocos2dx\platform\third_party\win32" /I"E:\work\quick-cocos2d-x\lib\cocos2d-x\scripting\lua\cocos2dx_support" /I"E:\work\quick-cocos2d-x\lib\cocos2d-x\scripting\lua\luajit\include" /I"E:\work\quick-cocos2d-x\lib\cocos2d-x\scripting\lua\tolua" /ZI /nologo /W3 /WX- /Od /Oy- /D WIN32 /D _DEBUG /D _WINDOWS /D GL_GLEXT_PROTOTYPES /D COCOS2D_DEBUG=1 /D _CRT_SECURE_NO_WARNINGS /D _SCL_SECURE_NO_WARNINGS /D CC_LUA_ENGINE_ENABLED=1 /D _UNICODE /D UNICODE /Gm /EHsc /RTC1 /MDd /GS /fp:precise /Zc:wchar_t /Zc:forScope /Fo"Debug\\" /Fd"Debug\vc100.pdb" /Gd /TP /wd4251 /wd4068 /wd4800 /analyze- /errorReport:prompt ..\extra\crypto\CCCrypto.cpp ..\extra\crypto\sha1\sha1.cpp ..\extra\luabinding\cocos2dx_extra_luabinding.cpp ..\extra\network\CCHTTPRequest.cpp ..\extra\network\CCNetwork.cpp ..\extra\platform\win32\CCCryptoWin32.cpp ..\extra\platform\win32\CCNative.cpp ..\extra\platform\win32\CCNativeWin32.cpp ..\extra\platform\win32\CCNetworkWin32.cpp
         CCNetworkWin32.cpp
         CCNativeWin32.cpp
         CCNative.cpp
         CCCryptoWin32.cpp
         CCNetwork.cpp
         CCHTTPRequest.cpp
         cocos2dx_extra_luabinding.cpp
         sha1.cpp
         CCCrypto.cpp
         Generating Code...
       Lib:
         C:\Program Files\Microsoft Visual Studio 10.0\VC\bin\Lib.exe /OUT:"E:\work\quick-cocos2d-x\player\proj.win32\Debug\cocos2dx_extra.lib" /NOLOGO Debug\libb64.obj
         Debug\CCCrypto.obj
         Debug\md5.obj
         Debug\sha1.obj
         Debug\xxtea.obj
         Debug\cocos2dx_extra_luabinding.obj
         Debug\CCHTTPRequest.obj
         Debug\CCNetwork.obj
         Debug\CCCryptoWin32.obj
         Debug\CCNative.obj
         Debug\CCNativeWin32.obj
         Debug\CCNetworkWin32.obj
         cocos2dx_extra_2010.vcxproj -> E:\work\quick-cocos2d-x\player\proj.win32\Debug\cocos2dx_extra.lib
       FinalizeBuildStatus:
         Deleting file "Debug\cocos2dx_extra_2010.unsuccessfulbuild".
         Touching "Debug\cocos2dx_extra_2010.lastbuildstate".
     1>Done Building Project "E:\work\quick-cocos2d-x\lib\cocos2dx_extra\proj.win32\cocos2dx_extra_2010.vcxproj" (build target(s)).

Build succeeded.

Time Elapsed 00:00:41.37
